<?xml version="1.0" encoding="UTF-8"?>
<testng-results ignored="0" total="3" passed="2" failed="1" skipped="0">
  <reporter-output>
  </reporter-output>
  <suite started-at="2025-03-29T23:06:32 IST" name="Suite" finished-at="2025-03-29T23:06:39 IST" duration-ms="7254">
    <groups>
      <group name="cucumber">
        <method signature="AbstractTestNGCucumberTests.runScenario(io.cucumber.testng.PickleWrapper,io.cucumber.testng.FeatureWrapper)[pri:0, instance:org.haidar.cucumberbdd.TestNGRunner@4c583ecf]" name="runScenario" class="io.cucumber.testng.AbstractTestNGCucumberTests"/>
      </group> <!-- cucumber -->
    </groups>
    <test started-at="2025-03-29T23:06:32 IST" name="CucumberRunner" finished-at="2025-03-29T23:06:39 IST" duration-ms="7254">
      <class name="org.haidar.cucumberbdd.TestNGRunner">
        <test-method is-config="true" signature="beforeSuite()[pri:0, instance:org.haidar.cucumberbdd.TestNGRunner@4c583ecf]" started-at="2025-03-29T23:06:32 IST" name="beforeSuite" finished-at="2025-03-29T23:06:32 IST" duration-ms="14" status="PASS">
          <reporter-output>
          </reporter-output>
        </test-method> <!-- beforeSuite -->
        <test-method is-config="true" signature="setUpClass(org.testng.ITestContext)[pri:0, instance:org.haidar.cucumberbdd.TestNGRunner@4c583ecf]" started-at="2025-03-29T23:06:32 IST" name="setUpClass" finished-at="2025-03-29T23:06:33 IST" duration-ms="397" status="PASS">
          <params>
            <param index="0">
              <value>
                <![CDATA[org.testng.TestRunner@3543df7d]]>
              </value>
            </param>
          </params>
          <reporter-output>
          </reporter-output>
        </test-method> <!-- setUpClass -->
        <test-method is-config="true" signature="setUpExtentReport()[pri:0, instance:org.haidar.cucumberbdd.TestNGRunner@4c583ecf]" started-at="2025-03-29T23:06:33 IST" name="setUpExtentReport" finished-at="2025-03-29T23:06:33 IST" duration-ms="450" status="PASS">
          <reporter-output>
          </reporter-output>
        </test-method> <!-- setUpExtentReport -->
        <test-method signature="runScenario(io.cucumber.testng.PickleWrapper,io.cucumber.testng.FeatureWrapper)[pri:0, instance:org.haidar.cucumberbdd.TestNGRunner@4c583ecf]" started-at="2025-03-29T23:06:33 IST" name="runScenario" description="Runs Cucumber Scenarios" data-provider="scenarios" finished-at="2025-03-29T23:06:39 IST" duration-ms="6310" status="PASS">
          <params>
            <param index="0">
              <value>
                <![CDATA["Successful login with valid credentials"]]>
              </value>
            </param>
            <param index="1">
              <value>
                <![CDATA["Login Functionality"]]>
              </value>
            </param>
          </params>
          <reporter-output>
          </reporter-output>
        </test-method> <!-- runScenario -->
        <test-method signature="runScenario(io.cucumber.testng.PickleWrapper,io.cucumber.testng.FeatureWrapper)[pri:0, instance:org.haidar.cucumberbdd.TestNGRunner@4c583ecf]" started-at="2025-03-29T23:06:33 IST" name="runScenario" description="Runs Cucumber Scenarios" data-provider="scenarios" finished-at="2025-03-29T23:06:39 IST" duration-ms="6310" status="PASS">
          <params>
            <param index="0">
              <value>
                <![CDATA["verify google Search"]]>
              </value>
            </param>
            <param index="1">
              <value>
                <![CDATA["Login Functionality"]]>
              </value>
            </param>
          </params>
          <reporter-output>
          </reporter-output>
        </test-method> <!-- runScenario -->
        <test-method signature="runScenario(io.cucumber.testng.PickleWrapper,io.cucumber.testng.FeatureWrapper)[pri:0, instance:org.haidar.cucumberbdd.TestNGRunner@4c583ecf]" started-at="2025-03-29T23:06:33 IST" name="runScenario" description="Runs Cucumber Scenarios" data-provider="scenarios" finished-at="2025-03-29T23:06:39 IST" duration-ms="6310" status="FAIL">
          <params>
            <param index="0">
              <value>
                <![CDATA["UnSuccessful login with valid credentials"]]>
              </value>
            </param>
            <param index="1">
              <value>
                <![CDATA["Login Functionality"]]>
              </value>
            </param>
          </params>
          <exception class="java.lang.AssertionError">
            <full-stacktrace>
              <![CDATA[java.lang.AssertionError
at org.junit.Assert.fail(Assert.java:87)
at org.junit.Assert.assertTrue(Assert.java:42)
at org.junit.Assert.assertFalse(Assert.java:65)
at org.junit.Assert.assertFalse(Assert.java:75)
at org.haidar.cucumberbdd.StepDefinitions.i_click_the_login_button(StepDefinitions.java:89)
at âœ½.I click the login button(file:///D:/EclipseSoftware/cucumberbddwithTestNG/src/test/resources/featuresToBeRunInParallel/login.feature:13)
]]>
            </full-stacktrace>
          </exception> <!-- java.lang.AssertionError -->
          <reporter-output>
          </reporter-output>
        </test-method> <!-- runScenario -->
        <test-method is-config="true" signature="afterClass()[pri:0, instance:org.haidar.cucumberbdd.TestNGRunner@4c583ecf]" started-at="2025-03-29T23:06:39 IST" name="afterClass" finished-at="2025-03-29T23:06:39 IST" duration-ms="1" status="PASS">
          <reporter-output>
          </reporter-output>
        </test-method> <!-- afterClass -->
        <test-method is-config="true" signature="tearDownClass()[pri:0, instance:org.haidar.cucumberbdd.TestNGRunner@4c583ecf]" started-at="2025-03-29T23:06:39 IST" name="tearDownClass" finished-at="2025-03-29T23:06:39 IST" duration-ms="12" status="PASS">
          <reporter-output>
          </reporter-output>
        </test-method> <!-- tearDownClass -->
        <test-method is-config="true" signature="afterSuite()[pri:0, instance:org.haidar.cucumberbdd.TestNGRunner@4c583ecf]" started-at="2025-03-29T23:06:40 IST" name="afterSuite" finished-at="2025-03-29T23:06:40 IST" duration-ms="1" status="PASS">
          <reporter-output>
          </reporter-output>
        </test-method> <!-- afterSuite -->
      </class> <!-- org.haidar.cucumberbdd.TestNGRunner -->
    </test> <!-- CucumberRunner -->
  </suite> <!-- Suite -->
</testng-results>
